User successfully created
email: edsger.dijkstra@tue.nl
password: 051930
Username: edijkstra
DoB: 1930/05/11
Groups: sudo,staff
Sharedfolder: /staffData
User successfully created
email: john.mccarthy@caltech.edu
password: 091927
Username: jmccarthy
DoB: 1927/09/04
Groups: sudo,visitor
Sharedfolder: /visitorData
User successfully created
email: andrew.tanenbaum@vua.nl
password: 031944
Username: atanenbaum
DoB: 1944/03/16
Groups: staff
Sharedfolder: /staffData
User successfully created
email: alan.turing@cam.ac.uk
password: 061912
Username: aturing
DoB: 1912/06/23
Groups: visitor
Sharedfolder: /visitorData
User successfully created
email: linus.torvalds@linux.org
password: 121969
Username: ltorvalds
DoB: 1969/12/28
Groups: sudo
Sharedfolder:
User successfully created
email: bjarne.stroustroup@tamu.edu
password: 121950
Username: bstroustroup
DoB: 1950/12/30
Groups:
Sharedfolder: /visitorData
User Has no Assigned Group/s
User successfully created
email: ken.thompson@google.com
password: 021973
Username: kthompson
DoB: 1973/02/04
Groups: sudo,visitor
Sharedfolder:
User successfully created
email: james.gosling@sun.com
password: 051955
Username: jgosling
DoB: 1955/05/19
Groups: staff
Sharedfolder: /staffData
User successfully created
email: tim.berners-lee@mit.edu
password: 061955
Username: tberners-lee
DoB: 1955/06/08
Groups: sudo,visitor
Sharedfolder: /visitorData
User successfully created
email: edsger.dijkstra@tue.nl
password: 051930
Username: edijkstra
DoB: 1930/05/11
Groups: sudo,staff
Sharedfolder: /staffData
User successfully created
email: john.mccarthy@caltech.edu
password: 091927
Username: jmccarthy
DoB: 1927/09/04
Groups: sudo,visitor
Sharedfolder: /visitorData
User successfully created
email: andrew.tanenbaum@vua.nl
password: 031944
Username: atanenbaum
DoB: 1944/03/16
Groups: staff
Sharedfolder: /staffData
User successfully created
email: alan.turing@cam.ac.uk
password: 061912
Username: aturing
DoB: 1912/06/23
Groups: visitor
Sharedfolder: /visitorData
User successfully created
email: linus.torvalds@linux.org
password: 121969
Username: ltorvalds
DoB: 1969/12/28
Groups: sudo
Sharedfolder:
User successfully created
email: bjarne.stroustroup@tamu.edu
password: 121950
Username: bstroustroup
DoB: 1950/12/30
Groups:
Sharedfolder: /visitorData
User Has no Assigned Group/s
User successfully created
email: ken.thompson@google.com
password: 021973
Username: kthompson
DoB: 1973/02/04
Groups: sudo,visitor
Sharedfolder:
User successfully created
email: james.gosling@sun.com
password: 051955
Username: jgosling
DoB: 1955/05/19
Groups: staff
Sharedfolder: /staffData
User successfully created
email: tim.berners-lee@mit.edu
password: 061955
Username: tberners-lee
DoB: 1955/06/08
Groups: sudo,visitor
Sharedfolder: /visitorData
User successfully created
email: edsger.dijkstra@tue.nl
password: 051930
Username: edijkstra
DoB: 1930/05/11
Groups: sudo,staff
Sharedfolder: /staffData
User successfully created
email: john.mccarthy@caltech.edu
password: 091927
Username: jmccarthy
DoB: 1927/09/04
Groups: sudo,visitor
Sharedfolder: /visitorData
User successfully created
email: andrew.tanenbaum@vua.nl
password: 031944
Username: atanenbaum
DoB: 1944/03/16
Groups: staff
Sharedfolder: /staffData
User successfully created
email: alan.turing@cam.ac.uk
password: 061912
Username: aturing
DoB: 1912/06/23
Groups: visitor
Sharedfolder: /visitorData
User successfully created
email: linus.torvalds@linux.org
password: 121969
Username: ltorvalds
DoB: 1969/12/28
Groups: sudo
Sharedfolder:
User successfully created
email: bjarne.stroustroup@tamu.edu
password: 121950
Username: bstroustroup
DoB: 1950/12/30
Groups:
Sharedfolder: /visitorData
User Has no Assigned Group/s
User successfully created
email: ken.thompson@google.com
password: 021973
Username: kthompson
DoB: 1973/02/04
Groups: sudo,visitor
Sharedfolder:
User successfully created
email: james.gosling@sun.com
password: 051955
Username: jgosling
DoB: 1955/05/19
Groups: staff
Sharedfolder: /staffData
User successfully created
email: tim.berners-lee@mit.edu
password: 061955
Username: tberners-lee
DoB: 1955/06/08
Groups: sudo,visitor
Sharedfolder: /visitorData
Total Users: 10
User successfully created
email: edsger.dijkstra@tue.nl
password: 051930
Username: edijkstra
DoB: 1930/05/11
Groups: sudo,staff
Sharedfolder: /staffData
User successfully created
email: john.mccarthy@caltech.edu
password: 091927
Username: jmccarthy
DoB: 1927/09/04
Groups: sudo,visitor
Sharedfolder: /visitorData
User successfully created
email: andrew.tanenbaum@vua.nl
password: 031944
Username: atanenbaum
DoB: 1944/03/16
Groups: staff
Sharedfolder: /staffData
User successfully created
email: alan.turing@cam.ac.uk
password: 061912
Username: aturing
DoB: 1912/06/23
Groups: visitor
Sharedfolder: /visitorData
User successfully created
email: linus.torvalds@linux.org
password: 121969
Username: ltorvalds
DoB: 1969/12/28
Groups: sudo
Sharedfolder:
User successfully created
email: bjarne.stroustroup@tamu.edu
password: 121950
Username: bstroustroup
DoB: 1950/12/30
Groups:
Sharedfolder: /visitorData
User Has no Assigned Group/s
User successfully created
email: ken.thompson@google.com
password: 021973
Username: kthompson
DoB: 1973/02/04
Groups: sudo,visitor
Sharedfolder:
User successfully created
email: james.gosling@sun.com
password: 051955
Username: jgosling
DoB: 1955/05/19
Groups: staff
Sharedfolder: /staffData
User successfully created
email: tim.berners-lee@mit.edu
password: 061955
Username: tberners-lee
DoB: 1955/06/08
Groups: sudo,visitor
Sharedfolder: /visitorData
Total Users: 10
